<?xml version="1.0" encoding="UTF-8"?>
<!-- Generated by org.testng.reporters.JUnitReportReporter -->
<testsuite hostname="LIN-PG02HH05" failures="0" tests="5" name="Runner.Test" time="0.162" errors="0" timestamp="2024-04-02T13:45:05 IST" skipped="0">
  <testcase classname="Runner.Test" name="runScenario" time="0.016"/>
  <system-out/>
  <testcase classname="Runner.Test" name="runScenario" time="0.008"/>
  <system-out/>
  <testcase classname="Runner.Test" name="runScenario" time="0.124"/>
  <system-out/>
  <testcase classname="Runner.Test" name="runScenario" time="0.006"/>
  <system-out/>
  <testcase classname="Runner.Test" name="runScenario" time="0.008"/>
  <system-out/>
</testsuite> <!-- Runner.Test -->
