<?xml version="1.0" encoding="UTF-8"?>
<!-- Generated by org.testng.reporters.JUnitReportReporter -->
<testsuite hostname="LIN-PG02HH05" failures="0" tests="2" name="StepDefinitions.excel_step" time="37.076" errors="0" timestamp="2024-04-02T13:42:57 IST" skipped="0">
  <testcase classname="StepDefinitions.excel_step" name="details" time="17.868"/>
  <system-out/>
  <testcase classname="StepDefinitions.excel_step" name="details" time="19.208"/>
  <system-out/>
</testsuite> <!-- StepDefinitions.excel_step -->
